2018-08-21 20:03:16 Error: [ParseError] syntax error, unexpected '}', expecting ';'
Request URL: /users
Referer URL: http://localhost/bolo/users/add
Stack Trace:
#0 C:\xampp\htdocs\bolo\vendor\composer\ClassLoader.php(301): Composer\Autoload\includeFile('C:\\xampp\\htdocs...')
#1 [internal function]: Composer\Autoload\ClassLoader->loadClass('App\\Model\\Entit...')
#2 [internal function]: spl_autoload_call('App\\Model\\Entit...')
#3 C:\xampp\htdocs\bolo\vendor\cakephp\cakephp\src\ORM\Table.php(778): class_exists('App\\Model\\Entit...')
#4 C:\xampp\htdocs\bolo\vendor\cakephp\cakephp\src\ORM\Table.php(2938): Cake\ORM\Table->getEntityClass()
#5 C:\xampp\htdocs\bolo\vendor\cakephp\cakephp\src\Error\Debugger.php(606): Cake\ORM\Table->__debugInfo()
#6 C:\xampp\htdocs\bolo\vendor\cakephp\cakephp\src\Error\Debugger.php(530): Cake\Error\Debugger::_object(Object(App\Model\Table\UsersTable), 1, 2)
#7 C:\xampp\htdocs\bolo\vendor\cakephp\cakephp\src\Error\Debugger.php(571): Cake\Error\Debugger::_export(Object(App\Model\Table\UsersTable), 2, 1)
#8 C:\xampp\htdocs\bolo\vendor\cakephp\cakephp\src\Error\Debugger.php(606): Cake\Error\Debugger::_array(Array, 2, 1)
#9 C:\xampp\htdocs\bolo\vendor\cakephp\cakephp\src\Error\Debugger.php(530): Cake\Error\Debugger::_object(Object(Cake\ORM\Query), 3, 1)
#10 C:\xampp\htdocs\bolo\vendor\cakephp\cakephp\src\Error\Debugger.php(495): Cake\Error\Debugger::_export(Object(Cake\ORM\Query), 4, 0)
#11 C:\xampp\htdocs\bolo\vendor\cakephp\cakephp\src\Template\Element\exception_stack_trace.ctp(37): Cake\Error\Debugger::exportVar(Object(Cake\ORM\Query), 4)
#12 C:\xampp\htdocs\bolo\vendor\cakephp\cakephp\src\View\View.php(1240): include('C:\\xampp\\htdocs...')
#13 C:\xampp\htdocs\bolo\vendor\cakephp\cakephp\src\View\View.php(1201): Cake\View\View->_evaluate('C:\\xampp\\htdocs...', Array)
#14 C:\xampp\htdocs\bolo\vendor\cakephp\cakephp\src\View\View.php(1598): Cake\View\View->_render('C:\\xampp\\htdocs...', Array)
#15 C:\xampp\htdocs\bolo\vendor\cakephp\cakephp\src\View\View.php(706): Cake\View\View->_renderElement('C:\\xampp\\htdocs...', Array, Array)
#16 C:\xampp\htdocs\bolo\vendor\cakephp\cakephp\src\Template\Layout\dev_error.ctp(220): Cake\View\View->element('exception_stack...')
#17 C:\xampp\htdocs\bolo\vendor\cakephp\cakephp\src\View\View.php(1240): include('C:\\xampp\\htdocs...')
#18 C:\xampp\htdocs\bolo\vendor\cakephp\cakephp\src\View\View.php(1201): Cake\View\View->_evaluate('C:\\xampp\\htdocs...', Array)
#19 C:\xampp\htdocs\bolo\vendor\cakephp\cakephp\src\View\View.php(850): Cake\View\View->_render('C:\\xampp\\htdocs...')
#20 C:\xampp\htdocs\bolo\vendor\cakephp\cakephp\src\View\View.php(808): Cake\View\View->renderLayout('', 'dev_error')
#21 C:\xampp\htdocs\bolo\vendor\cakephp\cakephp\src\Controller\Controller.php(777): Cake\View\View->render('error500', NULL)
#22 C:\xampp\htdocs\bolo\vendor\cakephp\cakephp\src\Error\ExceptionRenderer.php(329): Cake\Controller\Controller->render('error500')
#23 C:\xampp\htdocs\bolo\vendor\cakephp\cakephp\src\Error\ExceptionRenderer.php(338): Cake\Error\ExceptionRenderer->_outputMessage('error500')
#24 C:\xampp\htdocs\bolo\vendor\cakephp\cakephp\src\Error\ExceptionRenderer.php(205): Cake\Error\ExceptionRenderer->_outputMessage('parseError')
#25 C:\xampp\htdocs\bolo\vendor\cakephp\cakephp\src\Error\Middleware\ErrorHandlerMiddleware.php(118): Cake\Error\ExceptionRenderer->render()
#26 C:\xampp\htdocs\bolo\vendor\cakephp\cakephp\src\Error\Middleware\ErrorHandlerMiddleware.php(100): Cake\Error\Middleware\ErrorHandlerMiddleware->handleException(Object(ParseError), Object(Cake\Http\ServerRequest), Object(Cake\Http\Response))
#27 C:\xampp\htdocs\bolo\vendor\cakephp\cakephp\src\Http\Runner.php(65): Cake\Error\Middleware\ErrorHandlerMiddleware->__invoke(Object(Cake\Http\ServerRequest), Object(Cake\Http\Response), Object(Cake\Http\Runner))
#28 C:\xampp\htdocs\bolo\vendor\cakephp\debug_kit\src\Middleware\DebugKitMiddleware.php(53): Cake\Http\Runner->__invoke(Object(Cake\Http\ServerRequest), Object(Cake\Http\Response))
#29 C:\xampp\htdocs\bolo\vendor\cakephp\cakephp\src\Http\Runner.php(65): DebugKit\Middleware\DebugKitMiddleware->__invoke(Object(Cake\Http\ServerRequest), Object(Cake\Http\Response), Object(Cake\Http\Runner))
#30 C:\xampp\htdocs\bolo\vendor\cakephp\cakephp\src\Http\Runner.php(51): Cake\Http\Runner->__invoke(Object(Cake\Http\ServerRequest), Object(Cake\Http\Response))
#31 C:\xampp\htdocs\bolo\vendor\cakephp\cakephp\src\Http\Server.php(98): Cake\Http\Runner->run(Object(Cake\Http\MiddlewareQueue), Object(Cake\Http\ServerRequest), Object(Cake\Http\Response))
#32 C:\xampp\htdocs\bolo\webroot\index.php(40): Cake\Http\Server->run()
#33 {main}


2018-08-21 20:03:57 Error: [ParseError] syntax error, unexpected 'class' (T_CLASS), expecting ',' or ';'
Request URL: /users
Referer URL: http://localhost/bolo/users/add
Stack Trace:
#0 C:\xampp\htdocs\bolo\vendor\composer\ClassLoader.php(301): Composer\Autoload\includeFile('C:\\xampp\\htdocs...')
#1 [internal function]: Composer\Autoload\ClassLoader->loadClass('App\\Model\\Entit...')
#2 [internal function]: spl_autoload_call('App\\Model\\Entit...')
#3 C:\xampp\htdocs\bolo\vendor\cakephp\cakephp\src\ORM\Table.php(778): class_exists('App\\Model\\Entit...')
#4 C:\xampp\htdocs\bolo\vendor\cakephp\cakephp\src\ORM\Table.php(2938): Cake\ORM\Table->getEntityClass()
#5 C:\xampp\htdocs\bolo\vendor\cakephp\cakephp\src\Error\Debugger.php(606): Cake\ORM\Table->__debugInfo()
#6 C:\xampp\htdocs\bolo\vendor\cakephp\cakephp\src\Error\Debugger.php(530): Cake\Error\Debugger::_object(Object(App\Model\Table\UsersTable), 1, 2)
#7 C:\xampp\htdocs\bolo\vendor\cakephp\cakephp\src\Error\Debugger.php(571): Cake\Error\Debugger::_export(Object(App\Model\Table\UsersTable), 2, 1)
#8 C:\xampp\htdocs\bolo\vendor\cakephp\cakephp\src\Error\Debugger.php(606): Cake\Error\Debugger::_array(Array, 2, 1)
#9 C:\xampp\htdocs\bolo\vendor\cakephp\cakephp\src\Error\Debugger.php(530): Cake\Error\Debugger::_object(Object(Cake\ORM\Query), 3, 1)
#10 C:\xampp\htdocs\bolo\vendor\cakephp\cakephp\src\Error\Debugger.php(495): Cake\Error\Debugger::_export(Object(Cake\ORM\Query), 4, 0)
#11 C:\xampp\htdocs\bolo\vendor\cakephp\cakephp\src\Template\Element\exception_stack_trace.ctp(37): Cake\Error\Debugger::exportVar(Object(Cake\ORM\Query), 4)
#12 C:\xampp\htdocs\bolo\vendor\cakephp\cakephp\src\View\View.php(1240): include('C:\\xampp\\htdocs...')
#13 C:\xampp\htdocs\bolo\vendor\cakephp\cakephp\src\View\View.php(1201): Cake\View\View->_evaluate('C:\\xampp\\htdocs...', Array)
#14 C:\xampp\htdocs\bolo\vendor\cakephp\cakephp\src\View\View.php(1598): Cake\View\View->_render('C:\\xampp\\htdocs...', Array)
#15 C:\xampp\htdocs\bolo\vendor\cakephp\cakephp\src\View\View.php(706): Cake\View\View->_renderElement('C:\\xampp\\htdocs...', Array, Array)
#16 C:\xampp\htdocs\bolo\vendor\cakephp\cakephp\src\Template\Layout\dev_error.ctp(220): Cake\View\View->element('exception_stack...')
#17 C:\xampp\htdocs\bolo\vendor\cakephp\cakephp\src\View\View.php(1240): include('C:\\xampp\\htdocs...')
#18 C:\xampp\htdocs\bolo\vendor\cakephp\cakephp\src\View\View.php(1201): Cake\View\View->_evaluate('C:\\xampp\\htdocs...', Array)
#19 C:\xampp\htdocs\bolo\vendor\cakephp\cakephp\src\View\View.php(850): Cake\View\View->_render('C:\\xampp\\htdocs...')
#20 C:\xampp\htdocs\bolo\vendor\cakephp\cakephp\src\View\View.php(808): Cake\View\View->renderLayout('', 'dev_error')
#21 C:\xampp\htdocs\bolo\vendor\cakephp\cakephp\src\Controller\Controller.php(777): Cake\View\View->render('error500', NULL)
#22 C:\xampp\htdocs\bolo\vendor\cakephp\cakephp\src\Error\ExceptionRenderer.php(329): Cake\Controller\Controller->render('error500')
#23 C:\xampp\htdocs\bolo\vendor\cakephp\cakephp\src\Error\ExceptionRenderer.php(338): Cake\Error\ExceptionRenderer->_outputMessage('error500')
#24 C:\xampp\htdocs\bolo\vendor\cakephp\cakephp\src\Error\ExceptionRenderer.php(205): Cake\Error\ExceptionRenderer->_outputMessage('parseError')
#25 C:\xampp\htdocs\bolo\vendor\cakephp\cakephp\src\Error\Middleware\ErrorHandlerMiddleware.php(118): Cake\Error\ExceptionRenderer->render()
#26 C:\xampp\htdocs\bolo\vendor\cakephp\cakephp\src\Error\Middleware\ErrorHandlerMiddleware.php(100): Cake\Error\Middleware\ErrorHandlerMiddleware->handleException(Object(ParseError), Object(Cake\Http\ServerRequest), Object(Cake\Http\Response))
#27 C:\xampp\htdocs\bolo\vendor\cakephp\cakephp\src\Http\Runner.php(65): Cake\Error\Middleware\ErrorHandlerMiddleware->__invoke(Object(Cake\Http\ServerRequest), Object(Cake\Http\Response), Object(Cake\Http\Runner))
#28 C:\xampp\htdocs\bolo\vendor\cakephp\debug_kit\src\Middleware\DebugKitMiddleware.php(53): Cake\Http\Runner->__invoke(Object(Cake\Http\ServerRequest), Object(Cake\Http\Response))
#29 C:\xampp\htdocs\bolo\vendor\cakephp\cakephp\src\Http\Runner.php(65): DebugKit\Middleware\DebugKitMiddleware->__invoke(Object(Cake\Http\ServerRequest), Object(Cake\Http\Response), Object(Cake\Http\Runner))
#30 C:\xampp\htdocs\bolo\vendor\cakephp\cakephp\src\Http\Runner.php(51): Cake\Http\Runner->__invoke(Object(Cake\Http\ServerRequest), Object(Cake\Http\Response))
#31 C:\xampp\htdocs\bolo\vendor\cakephp\cakephp\src\Http\Server.php(98): Cake\Http\Runner->run(Object(Cake\Http\MiddlewareQueue), Object(Cake\Http\ServerRequest), Object(Cake\Http\Response))
#32 C:\xampp\htdocs\bolo\webroot\index.php(40): Cake\Http\Server->run()
#33 {main}


2018-08-21 20:04:13 Error: [ParseError] syntax error, unexpected '}', expecting ';'
Request URL: /users
Referer URL: http://localhost/bolo/users/add
Stack Trace:
#0 C:\xampp\htdocs\bolo\vendor\composer\ClassLoader.php(301): Composer\Autoload\includeFile('C:\\xampp\\htdocs...')
#1 [internal function]: Composer\Autoload\ClassLoader->loadClass('App\\Model\\Entit...')
#2 [internal function]: spl_autoload_call('App\\Model\\Entit...')
#3 C:\xampp\htdocs\bolo\vendor\cakephp\cakephp\src\ORM\Table.php(778): class_exists('App\\Model\\Entit...')
#4 C:\xampp\htdocs\bolo\vendor\cakephp\cakephp\src\ORM\Table.php(2938): Cake\ORM\Table->getEntityClass()
#5 C:\xampp\htdocs\bolo\vendor\cakephp\cakephp\src\Error\Debugger.php(606): Cake\ORM\Table->__debugInfo()
#6 C:\xampp\htdocs\bolo\vendor\cakephp\cakephp\src\Error\Debugger.php(530): Cake\Error\Debugger::_object(Object(App\Model\Table\UsersTable), 1, 2)
#7 C:\xampp\htdocs\bolo\vendor\cakephp\cakephp\src\Error\Debugger.php(571): Cake\Error\Debugger::_export(Object(App\Model\Table\UsersTable), 2, 1)
#8 C:\xampp\htdocs\bolo\vendor\cakephp\cakephp\src\Error\Debugger.php(606): Cake\Error\Debugger::_array(Array, 2, 1)
#9 C:\xampp\htdocs\bolo\vendor\cakephp\cakephp\src\Error\Debugger.php(530): Cake\Error\Debugger::_object(Object(Cake\ORM\Query), 3, 1)
#10 C:\xampp\htdocs\bolo\vendor\cakephp\cakephp\src\Error\Debugger.php(495): Cake\Error\Debugger::_export(Object(Cake\ORM\Query), 4, 0)
#11 C:\xampp\htdocs\bolo\vendor\cakephp\cakephp\src\Template\Element\exception_stack_trace.ctp(37): Cake\Error\Debugger::exportVar(Object(Cake\ORM\Query), 4)
#12 C:\xampp\htdocs\bolo\vendor\cakephp\cakephp\src\View\View.php(1240): include('C:\\xampp\\htdocs...')
#13 C:\xampp\htdocs\bolo\vendor\cakephp\cakephp\src\View\View.php(1201): Cake\View\View->_evaluate('C:\\xampp\\htdocs...', Array)
#14 C:\xampp\htdocs\bolo\vendor\cakephp\cakephp\src\View\View.php(1598): Cake\View\View->_render('C:\\xampp\\htdocs...', Array)
#15 C:\xampp\htdocs\bolo\vendor\cakephp\cakephp\src\View\View.php(706): Cake\View\View->_renderElement('C:\\xampp\\htdocs...', Array, Array)
#16 C:\xampp\htdocs\bolo\vendor\cakephp\cakephp\src\Template\Layout\dev_error.ctp(220): Cake\View\View->element('exception_stack...')
#17 C:\xampp\htdocs\bolo\vendor\cakephp\cakephp\src\View\View.php(1240): include('C:\\xampp\\htdocs...')
#18 C:\xampp\htdocs\bolo\vendor\cakephp\cakephp\src\View\View.php(1201): Cake\View\View->_evaluate('C:\\xampp\\htdocs...', Array)
#19 C:\xampp\htdocs\bolo\vendor\cakephp\cakephp\src\View\View.php(850): Cake\View\View->_render('C:\\xampp\\htdocs...')
#20 C:\xampp\htdocs\bolo\vendor\cakephp\cakephp\src\View\View.php(808): Cake\View\View->renderLayout('', 'dev_error')
#21 C:\xampp\htdocs\bolo\vendor\cakephp\cakephp\src\Controller\Controller.php(777): Cake\View\View->render('error500', NULL)
#22 C:\xampp\htdocs\bolo\vendor\cakephp\cakephp\src\Error\ExceptionRenderer.php(329): Cake\Controller\Controller->render('error500')
#23 C:\xampp\htdocs\bolo\vendor\cakephp\cakephp\src\Error\ExceptionRenderer.php(338): Cake\Error\ExceptionRenderer->_outputMessage('error500')
#24 C:\xampp\htdocs\bolo\vendor\cakephp\cakephp\src\Error\ExceptionRenderer.php(205): Cake\Error\ExceptionRenderer->_outputMessage('parseError')
#25 C:\xampp\htdocs\bolo\vendor\cakephp\cakephp\src\Error\Middleware\ErrorHandlerMiddleware.php(118): Cake\Error\ExceptionRenderer->render()
#26 C:\xampp\htdocs\bolo\vendor\cakephp\cakephp\src\Error\Middleware\ErrorHandlerMiddleware.php(100): Cake\Error\Middleware\ErrorHandlerMiddleware->handleException(Object(ParseError), Object(Cake\Http\ServerRequest), Object(Cake\Http\Response))
#27 C:\xampp\htdocs\bolo\vendor\cakephp\cakephp\src\Http\Runner.php(65): Cake\Error\Middleware\ErrorHandlerMiddleware->__invoke(Object(Cake\Http\ServerRequest), Object(Cake\Http\Response), Object(Cake\Http\Runner))
#28 C:\xampp\htdocs\bolo\vendor\cakephp\debug_kit\src\Middleware\DebugKitMiddleware.php(53): Cake\Http\Runner->__invoke(Object(Cake\Http\ServerRequest), Object(Cake\Http\Response))
#29 C:\xampp\htdocs\bolo\vendor\cakephp\cakephp\src\Http\Runner.php(65): DebugKit\Middleware\DebugKitMiddleware->__invoke(Object(Cake\Http\ServerRequest), Object(Cake\Http\Response), Object(Cake\Http\Runner))
#30 C:\xampp\htdocs\bolo\vendor\cakephp\cakephp\src\Http\Runner.php(51): Cake\Http\Runner->__invoke(Object(Cake\Http\ServerRequest), Object(Cake\Http\Response))
#31 C:\xampp\htdocs\bolo\vendor\cakephp\cakephp\src\Http\Server.php(98): Cake\Http\Runner->run(Object(Cake\Http\MiddlewareQueue), Object(Cake\Http\ServerRequest), Object(Cake\Http\Response))
#32 C:\xampp\htdocs\bolo\webroot\index.php(40): Cake\Http\Server->run()
#33 {main}


2018-08-21 20:18:00 Error: [Error] Call to undefined method Cake\Controller\Component\AuthComponent::set()
Request URL: /users/login
Referer URL: http://localhost/bolo/users/login
Stack Trace:
#0 C:\xampp\htdocs\bolo\vendor\cakephp\cakephp\src\Controller\Controller.php(596): App\Controller\UsersController->login()
#1 C:\xampp\htdocs\bolo\vendor\cakephp\cakephp\src\Http\ActionDispatcher.php(120): Cake\Controller\Controller->invokeAction()
#2 C:\xampp\htdocs\bolo\vendor\cakephp\cakephp\src\Http\ActionDispatcher.php(94): Cake\Http\ActionDispatcher->_invoke(Object(App\Controller\UsersController))
#3 C:\xampp\htdocs\bolo\vendor\cakephp\cakephp\src\Http\BaseApplication.php(235): Cake\Http\ActionDispatcher->dispatch(Object(Cake\Http\ServerRequest), Object(Cake\Http\Response))
#4 C:\xampp\htdocs\bolo\vendor\cakephp\cakephp\src\Http\Runner.php(65): Cake\Http\BaseApplication->__invoke(Object(Cake\Http\ServerRequest), Object(Cake\Http\Response), Object(Cake\Http\Runner))
#5 C:\xampp\htdocs\bolo\vendor\cakephp\cakephp\src\Http\Middleware\CsrfProtectionMiddleware.php(107): Cake\Http\Runner->__invoke(Object(Cake\Http\ServerRequest), Object(Cake\Http\Response))
#6 C:\xampp\htdocs\bolo\vendor\cakephp\cakephp\src\Http\Runner.php(65): Cake\Http\Middleware\CsrfProtectionMiddleware->__invoke(Object(Cake\Http\ServerRequest), Object(Cake\Http\Response), Object(Cake\Http\Runner))
#7 C:\xampp\htdocs\bolo\vendor\cakephp\cakephp\src\Routing\Middleware\RoutingMiddleware.php(156): Cake\Http\Runner->__invoke(Object(Cake\Http\ServerRequest), Object(Cake\Http\Response))
#8 C:\xampp\htdocs\bolo\vendor\cakephp\cakephp\src\Http\Runner.php(65): Cake\Routing\Middleware\RoutingMiddleware->__invoke(Object(Cake\Http\ServerRequest), Object(Cake\Http\Response), Object(Cake\Http\Runner))
#9 C:\xampp\htdocs\bolo\vendor\cakephp\cakephp\src\Routing\Middleware\AssetMiddleware.php(88): Cake\Http\Runner->__invoke(Object(Cake\Http\ServerRequest), Object(Cake\Http\Response))
#10 C:\xampp\htdocs\bolo\vendor\cakephp\cakephp\src\Http\Runner.php(65): Cake\Routing\Middleware\AssetMiddleware->__invoke(Object(Cake\Http\ServerRequest), Object(Cake\Http\Response), Object(Cake\Http\Runner))
#11 C:\xampp\htdocs\bolo\vendor\cakephp\cakephp\src\Error\Middleware\ErrorHandlerMiddleware.php(98): Cake\Http\Runner->__invoke(Object(Cake\Http\ServerRequest), Object(Cake\Http\Response))
#12 C:\xampp\htdocs\bolo\vendor\cakephp\cakephp\src\Http\Runner.php(65): Cake\Error\Middleware\ErrorHandlerMiddleware->__invoke(Object(Cake\Http\ServerRequest), Object(Cake\Http\Response), Object(Cake\Http\Runner))
#13 C:\xampp\htdocs\bolo\vendor\cakephp\debug_kit\src\Middleware\DebugKitMiddleware.php(53): Cake\Http\Runner->__invoke(Object(Cake\Http\ServerRequest), Object(Cake\Http\Response))
#14 C:\xampp\htdocs\bolo\vendor\cakephp\cakephp\src\Http\Runner.php(65): DebugKit\Middleware\DebugKitMiddleware->__invoke(Object(Cake\Http\ServerRequest), Object(Cake\Http\Response), Object(Cake\Http\Runner))
#15 C:\xampp\htdocs\bolo\vendor\cakephp\cakephp\src\Http\Runner.php(51): Cake\Http\Runner->__invoke(Object(Cake\Http\ServerRequest), Object(Cake\Http\Response))
#16 C:\xampp\htdocs\bolo\vendor\cakephp\cakephp\src\Http\Server.php(98): Cake\Http\Runner->run(Object(Cake\Http\MiddlewareQueue), Object(Cake\Http\ServerRequest), Object(Cake\Http\Response))
#17 C:\xampp\htdocs\bolo\webroot\index.php(40): Cake\Http\Server->run()
#18 {main}


2018-08-21 20:18:30 Error: [Cake\Routing\Exception\MissingControllerException] Controller class Posts could not be found.
Exception Attributes: array (
  'class' => 'Posts',
  'plugin' => false,
  'prefix' => false,
  '_ext' => false,
)
Request URL: /posts
Referer URL: http://localhost/bolo/users/login
Stack Trace:
#0 C:\xampp\htdocs\bolo\vendor\cakephp\cakephp\src\Http\ControllerFactory.php(39): Cake\Http\ControllerFactory->missingController(Object(Cake\Http\ServerRequest))
#1 C:\xampp\htdocs\bolo\vendor\cakephp\cakephp\src\Http\ActionDispatcher.php(91): Cake\Http\ControllerFactory->create(Object(Cake\Http\ServerRequest), Object(Cake\Http\Response))
#2 C:\xampp\htdocs\bolo\vendor\cakephp\cakephp\src\Http\BaseApplication.php(235): Cake\Http\ActionDispatcher->dispatch(Object(Cake\Http\ServerRequest), Object(Cake\Http\Response))
#3 C:\xampp\htdocs\bolo\vendor\cakephp\cakephp\src\Http\Runner.php(65): Cake\Http\BaseApplication->__invoke(Object(Cake\Http\ServerRequest), Object(Cake\Http\Response), Object(Cake\Http\Runner))
#4 C:\xampp\htdocs\bolo\vendor\cakephp\cakephp\src\Http\Middleware\CsrfProtectionMiddleware.php(107): Cake\Http\Runner->__invoke(Object(Cake\Http\ServerRequest), Object(Cake\Http\Response))
#5 C:\xampp\htdocs\bolo\vendor\cakephp\cakephp\src\Http\Runner.php(65): Cake\Http\Middleware\CsrfProtectionMiddleware->__invoke(Object(Cake\Http\ServerRequest), Object(Cake\Http\Response), Object(Cake\Http\Runner))
#6 C:\xampp\htdocs\bolo\vendor\cakephp\cakephp\src\Routing\Middleware\RoutingMiddleware.php(156): Cake\Http\Runner->__invoke(Object(Cake\Http\ServerRequest), Object(Cake\Http\Response))
#7 C:\xampp\htdocs\bolo\vendor\cakephp\cakephp\src\Http\Runner.php(65): Cake\Routing\Middleware\RoutingMiddleware->__invoke(Object(Cake\Http\ServerRequest), Object(Cake\Http\Response), Object(Cake\Http\Runner))
#8 C:\xampp\htdocs\bolo\vendor\cakephp\cakephp\src\Routing\Middleware\AssetMiddleware.php(88): Cake\Http\Runner->__invoke(Object(Cake\Http\ServerRequest), Object(Cake\Http\Response))
#9 C:\xampp\htdocs\bolo\vendor\cakephp\cakephp\src\Http\Runner.php(65): Cake\Routing\Middleware\AssetMiddleware->__invoke(Object(Cake\Http\ServerRequest), Object(Cake\Http\Response), Object(Cake\Http\Runner))
#10 C:\xampp\htdocs\bolo\vendor\cakephp\cakephp\src\Error\Middleware\ErrorHandlerMiddleware.php(98): Cake\Http\Runner->__invoke(Object(Cake\Http\ServerRequest), Object(Cake\Http\Response))
#11 C:\xampp\htdocs\bolo\vendor\cakephp\cakephp\src\Http\Runner.php(65): Cake\Error\Middleware\ErrorHandlerMiddleware->__invoke(Object(Cake\Http\ServerRequest), Object(Cake\Http\Response), Object(Cake\Http\Runner))
#12 C:\xampp\htdocs\bolo\vendor\cakephp\debug_kit\src\Middleware\DebugKitMiddleware.php(53): Cake\Http\Runner->__invoke(Object(Cake\Http\ServerRequest), Object(Cake\Http\Response))
#13 C:\xampp\htdocs\bolo\vendor\cakephp\cakephp\src\Http\Runner.php(65): DebugKit\Middleware\DebugKitMiddleware->__invoke(Object(Cake\Http\ServerRequest), Object(Cake\Http\Response), Object(Cake\Http\Runner))
#14 C:\xampp\htdocs\bolo\vendor\cakephp\cakephp\src\Http\Runner.php(51): Cake\Http\Runner->__invoke(Object(Cake\Http\ServerRequest), Object(Cake\Http\Response))
#15 C:\xampp\htdocs\bolo\vendor\cakephp\cakephp\src\Http\Server.php(98): Cake\Http\Runner->run(Object(Cake\Http\MiddlewareQueue), Object(Cake\Http\ServerRequest), Object(Cake\Http\Response))
#16 C:\xampp\htdocs\bolo\webroot\index.php(40): Cake\Http\Server->run()
#17 {main}


2018-08-21 20:19:10 Error: [Cake\Routing\Exception\MissingControllerException] Controller class Posts could not be found.
Exception Attributes: array (
  'class' => 'Posts',
  'plugin' => false,
  'prefix' => false,
  '_ext' => false,
)
Request URL: /posts
Referer URL: http://localhost/bolo/users/login
Stack Trace:
#0 C:\xampp\htdocs\bolo\vendor\cakephp\cakephp\src\Http\ControllerFactory.php(39): Cake\Http\ControllerFactory->missingController(Object(Cake\Http\ServerRequest))
#1 C:\xampp\htdocs\bolo\vendor\cakephp\cakephp\src\Http\ActionDispatcher.php(91): Cake\Http\ControllerFactory->create(Object(Cake\Http\ServerRequest), Object(Cake\Http\Response))
#2 C:\xampp\htdocs\bolo\vendor\cakephp\cakephp\src\Http\BaseApplication.php(235): Cake\Http\ActionDispatcher->dispatch(Object(Cake\Http\ServerRequest), Object(Cake\Http\Response))
#3 C:\xampp\htdocs\bolo\vendor\cakephp\cakephp\src\Http\Runner.php(65): Cake\Http\BaseApplication->__invoke(Object(Cake\Http\ServerRequest), Object(Cake\Http\Response), Object(Cake\Http\Runner))
#4 C:\xampp\htdocs\bolo\vendor\cakephp\cakephp\src\Http\Middleware\CsrfProtectionMiddleware.php(107): Cake\Http\Runner->__invoke(Object(Cake\Http\ServerRequest), Object(Cake\Http\Response))
#5 C:\xampp\htdocs\bolo\vendor\cakephp\cakephp\src\Http\Runner.php(65): Cake\Http\Middleware\CsrfProtectionMiddleware->__invoke(Object(Cake\Http\ServerRequest), Object(Cake\Http\Response), Object(Cake\Http\Runner))
#6 C:\xampp\htdocs\bolo\vendor\cakephp\cakephp\src\Routing\Middleware\RoutingMiddleware.php(156): Cake\Http\Runner->__invoke(Object(Cake\Http\ServerRequest), Object(Cake\Http\Response))
#7 C:\xampp\htdocs\bolo\vendor\cakephp\cakephp\src\Http\Runner.php(65): Cake\Routing\Middleware\RoutingMiddleware->__invoke(Object(Cake\Http\ServerRequest), Object(Cake\Http\Response), Object(Cake\Http\Runner))
#8 C:\xampp\htdocs\bolo\vendor\cakephp\cakephp\src\Routing\Middleware\AssetMiddleware.php(88): Cake\Http\Runner->__invoke(Object(Cake\Http\ServerRequest), Object(Cake\Http\Response))
#9 C:\xampp\htdocs\bolo\vendor\cakephp\cakephp\src\Http\Runner.php(65): Cake\Routing\Middleware\AssetMiddleware->__invoke(Object(Cake\Http\ServerRequest), Object(Cake\Http\Response), Object(Cake\Http\Runner))
#10 C:\xampp\htdocs\bolo\vendor\cakephp\cakephp\src\Error\Middleware\ErrorHandlerMiddleware.php(98): Cake\Http\Runner->__invoke(Object(Cake\Http\ServerRequest), Object(Cake\Http\Response))
#11 C:\xampp\htdocs\bolo\vendor\cakephp\cakephp\src\Http\Runner.php(65): Cake\Error\Middleware\ErrorHandlerMiddleware->__invoke(Object(Cake\Http\ServerRequest), Object(Cake\Http\Response), Object(Cake\Http\Runner))
#12 C:\xampp\htdocs\bolo\vendor\cakephp\debug_kit\src\Middleware\DebugKitMiddleware.php(53): Cake\Http\Runner->__invoke(Object(Cake\Http\ServerRequest), Object(Cake\Http\Response))
#13 C:\xampp\htdocs\bolo\vendor\cakephp\cakephp\src\Http\Runner.php(65): DebugKit\Middleware\DebugKitMiddleware->__invoke(Object(Cake\Http\ServerRequest), Object(Cake\Http\Response), Object(Cake\Http\Runner))
#14 C:\xampp\htdocs\bolo\vendor\cakephp\cakephp\src\Http\Runner.php(51): Cake\Http\Runner->__invoke(Object(Cake\Http\ServerRequest), Object(Cake\Http\Response))
#15 C:\xampp\htdocs\bolo\vendor\cakephp\cakephp\src\Http\Server.php(98): Cake\Http\Runner->run(Object(Cake\Http\MiddlewareQueue), Object(Cake\Http\ServerRequest), Object(Cake\Http\Response))
#16 C:\xampp\htdocs\bolo\webroot\index.php(40): Cake\Http\Server->run()
#17 {main}


2018-08-27 17:35:04 Error: [Cake\Controller\Exception\MissingActionException] Action UsersController::register() could not be found, or is not accessible.
Exception Attributes: array (
  'controller' => 'UsersController',
  'action' => 'register',
  'prefix' => '',
  'plugin' => false,
)
Request URL: /users/register
Stack Trace:
#0 C:\xampp\htdocs\bolo\vendor\cakephp\cakephp\src\Http\ActionDispatcher.php(120): Cake\Controller\Controller->invokeAction()
#1 C:\xampp\htdocs\bolo\vendor\cakephp\cakephp\src\Http\ActionDispatcher.php(94): Cake\Http\ActionDispatcher->_invoke(Object(App\Controller\UsersController))
#2 C:\xampp\htdocs\bolo\vendor\cakephp\cakephp\src\Http\BaseApplication.php(235): Cake\Http\ActionDispatcher->dispatch(Object(Cake\Http\ServerRequest), Object(Cake\Http\Response))
#3 C:\xampp\htdocs\bolo\vendor\cakephp\cakephp\src\Http\Runner.php(65): Cake\Http\BaseApplication->__invoke(Object(Cake\Http\ServerRequest), Object(Cake\Http\Response), Object(Cake\Http\Runner))
#4 C:\xampp\htdocs\bolo\vendor\cakephp\cakephp\src\Http\Middleware\CsrfProtectionMiddleware.php(107): Cake\Http\Runner->__invoke(Object(Cake\Http\ServerRequest), Object(Cake\Http\Response))
#5 C:\xampp\htdocs\bolo\vendor\cakephp\cakephp\src\Http\Runner.php(65): Cake\Http\Middleware\CsrfProtectionMiddleware->__invoke(Object(Cake\Http\ServerRequest), Object(Cake\Http\Response), Object(Cake\Http\Runner))
#6 C:\xampp\htdocs\bolo\vendor\cakephp\cakephp\src\Routing\Middleware\RoutingMiddleware.php(156): Cake\Http\Runner->__invoke(Object(Cake\Http\ServerRequest), Object(Cake\Http\Response))
#7 C:\xampp\htdocs\bolo\vendor\cakephp\cakephp\src\Http\Runner.php(65): Cake\Routing\Middleware\RoutingMiddleware->__invoke(Object(Cake\Http\ServerRequest), Object(Cake\Http\Response), Object(Cake\Http\Runner))
#8 C:\xampp\htdocs\bolo\vendor\cakephp\cakephp\src\Routing\Middleware\AssetMiddleware.php(88): Cake\Http\Runner->__invoke(Object(Cake\Http\ServerRequest), Object(Cake\Http\Response))
#9 C:\xampp\htdocs\bolo\vendor\cakephp\cakephp\src\Http\Runner.php(65): Cake\Routing\Middleware\AssetMiddleware->__invoke(Object(Cake\Http\ServerRequest), Object(Cake\Http\Response), Object(Cake\Http\Runner))
#10 C:\xampp\htdocs\bolo\vendor\cakephp\cakephp\src\Error\Middleware\ErrorHandlerMiddleware.php(98): Cake\Http\Runner->__invoke(Object(Cake\Http\ServerRequest), Object(Cake\Http\Response))
#11 C:\xampp\htdocs\bolo\vendor\cakephp\cakephp\src\Http\Runner.php(65): Cake\Error\Middleware\ErrorHandlerMiddleware->__invoke(Object(Cake\Http\ServerRequest), Object(Cake\Http\Response), Object(Cake\Http\Runner))
#12 C:\xampp\htdocs\bolo\vendor\cakephp\debug_kit\src\Middleware\DebugKitMiddleware.php(53): Cake\Http\Runner->__invoke(Object(Cake\Http\ServerRequest), Object(Cake\Http\Response))
#13 C:\xampp\htdocs\bolo\vendor\cakephp\cakephp\src\Http\Runner.php(65): DebugKit\Middleware\DebugKitMiddleware->__invoke(Object(Cake\Http\ServerRequest), Object(Cake\Http\Response), Object(Cake\Http\Runner))
#14 C:\xampp\htdocs\bolo\vendor\cakephp\cakephp\src\Http\Runner.php(51): Cake\Http\Runner->__invoke(Object(Cake\Http\ServerRequest), Object(Cake\Http\Response))
#15 C:\xampp\htdocs\bolo\vendor\cakephp\cakephp\src\Http\Server.php(98): Cake\Http\Runner->run(Object(Cake\Http\MiddlewareQueue), Object(Cake\Http\ServerRequest), Object(Cake\Http\Response))
#16 C:\xampp\htdocs\bolo\webroot\index.php(40): Cake\Http\Server->run()
#17 {main}


2018-08-27 17:38:36 Warning: Warning (2): Declaration of App\Controller\UsersController::beforeFilter(App\Controller\Cake\Event\Event $event) should be compatible with Cake\Controller\Controller::beforeFilter(Cake\Event\Event $event) in [C:\xampp\htdocs\bolo\src\Controller\UsersController.php, line 14]
Request URL: /users/login?redirect=%2Fusers%2Fregister
Referer URL: http://localhost/bolo/users/login
Trace:
Cake\Error\BaseErrorHandler::handleError() - CORE\src\Error\BaseErrorHandler.php, line 159
Cake\Core\BasePlugin::{closure}() - ROOT\vendor\cakephp\debug_kit\config\bootstrap.php, line 41
include - APP/Controller\UsersController.php, line 14
Composer\Autoload\includeFile - ROOT\vendor\composer\ClassLoader.php, line 412
Composer\Autoload\ClassLoader::loadClass() - ROOT\vendor\composer\ClassLoader.php, line 301
spl_autoload_call - [internal], line ??
class_exists - [internal], line ??
Cake\Core\App::_classExistsInBase() - CORE\src\Core\App.php, line 152
Cake\Core\App::className() - CORE\src\Core\App.php, line 64
Cake\Http\ControllerFactory::getControllerClass() - CORE\src\Http\ControllerFactory.php, line 89
Cake\Http\ControllerFactory::create() - CORE\src\Http\ControllerFactory.php, line 37
Cake\Http\ActionDispatcher::dispatch() - CORE\src\Http\ActionDispatcher.php, line 91
Cake\Http\BaseApplication::__invoke() - CORE\src\Http\BaseApplication.php, line 235
Cake\Http\Runner::__invoke() - CORE\src\Http\Runner.php, line 65
Cake\Http\Middleware\CsrfProtectionMiddleware::__invoke() - CORE\src\Http\Middleware\CsrfProtectionMiddleware.php, line 107
Cake\Http\Runner::__invoke() - CORE\src\Http\Runner.php, line 65
Cake\Routing\Middleware\RoutingMiddleware::__invoke() - CORE\src\Routing\Middleware\RoutingMiddleware.php, line 156
Cake\Http\Runner::__invoke() - CORE\src\Http\Runner.php, line 65
Cake\Routing\Middleware\AssetMiddleware::__invoke() - CORE\src\Routing\Middleware\AssetMiddleware.php, line 88
Cake\Http\Runner::__invoke() - CORE\src\Http\Runner.php, line 65
Cake\Error\Middleware\ErrorHandlerMiddleware::__invoke() - CORE\src\Error\Middleware\ErrorHandlerMiddleware.php, line 98
Cake\Http\Runner::__invoke() - CORE\src\Http\Runner.php, line 65
DebugKit\Middleware\DebugKitMiddleware::__invoke() - ROOT\vendor\cakephp\debug_kit\src\Middleware\DebugKitMiddleware.php, line 53
Cake\Http\Runner::__invoke() - CORE\src\Http\Runner.php, line 65
Cake\Http\Runner::run() - CORE\src\Http\Runner.php, line 51
Cake\Http\Server::run() - CORE\src\Http\Server.php, line 98
[main] - ROOT\webroot\index.php, line 40



2018-08-27 17:38:37 Error: [TypeError] Argument 1 passed to App\Controller\UsersController::beforeFilter() must be an instance of App\Controller\Cake\Event\Event, instance of Cake\Event\Event given, called in C:\xampp\htdocs\bolo\vendor\cakephp\cakephp\src\Event\EventManager.php on line 353
Request URL: /users/login?redirect=%2Fusers%2Fregister
Referer URL: http://localhost/bolo/users/login
Stack Trace:
#0 C:\xampp\htdocs\bolo\vendor\cakephp\cakephp\src\Event\EventManager.php(353): App\Controller\UsersController->beforeFilter(Object(Cake\Event\Event))
#1 C:\xampp\htdocs\bolo\vendor\cakephp\cakephp\src\Event\EventManager.php(330): Cake\Event\EventManager->_callListener(Array, Object(Cake\Event\Event))
#2 C:\xampp\htdocs\bolo\vendor\cakephp\cakephp\src\Event\EventDispatcherTrait.php(114): Cake\Event\EventManager->dispatch(Object(Cake\Event\Event))
#3 C:\xampp\htdocs\bolo\vendor\cakephp\cakephp\src\Controller\Controller.php(658): Cake\Controller\Controller->dispatchEvent('Controller.init...')
#4 C:\xampp\htdocs\bolo\vendor\cakephp\cakephp\src\Http\ActionDispatcher.php(115): Cake\Controller\Controller->startupProcess()
#5 C:\xampp\htdocs\bolo\vendor\cakephp\cakephp\src\Http\ActionDispatcher.php(94): Cake\Http\ActionDispatcher->_invoke(Object(App\Controller\UsersController))
#6 C:\xampp\htdocs\bolo\vendor\cakephp\cakephp\src\Http\BaseApplication.php(235): Cake\Http\ActionDispatcher->dispatch(Object(Cake\Http\ServerRequest), Object(Cake\Http\Response))
#7 C:\xampp\htdocs\bolo\vendor\cakephp\cakephp\src\Http\Runner.php(65): Cake\Http\BaseApplication->__invoke(Object(Cake\Http\ServerRequest), Object(Cake\Http\Response), Object(Cake\Http\Runner))
#8 C:\xampp\htdocs\bolo\vendor\cakephp\cakephp\src\Http\Middleware\CsrfProtectionMiddleware.php(107): Cake\Http\Runner->__invoke(Object(Cake\Http\ServerRequest), Object(Cake\Http\Response))
#9 C:\xampp\htdocs\bolo\vendor\cakephp\cakephp\src\Http\Runner.php(65): Cake\Http\Middleware\CsrfProtectionMiddleware->__invoke(Object(Cake\Http\ServerRequest), Object(Cake\Http\Response), Object(Cake\Http\Runner))
#10 C:\xampp\htdocs\bolo\vendor\cakephp\cakephp\src\Routing\Middleware\RoutingMiddleware.php(156): Cake\Http\Runner->__invoke(Object(Cake\Http\ServerRequest), Object(Cake\Http\Response))
#11 C:\xampp\htdocs\bolo\vendor\cakephp\cakephp\src\Http\Runner.php(65): Cake\Routing\Middleware\RoutingMiddleware->__invoke(Object(Cake\Http\ServerRequest), Object(Cake\Http\Response), Object(Cake\Http\Runner))
#12 C:\xampp\htdocs\bolo\vendor\cakephp\cakephp\src\Routing\Middleware\AssetMiddleware.php(88): Cake\Http\Runner->__invoke(Object(Cake\Http\ServerRequest), Object(Cake\Http\Response))
#13 C:\xampp\htdocs\bolo\vendor\cakephp\cakephp\src\Http\Runner.php(65): Cake\Routing\Middleware\AssetMiddleware->__invoke(Object(Cake\Http\ServerRequest), Object(Cake\Http\Response), Object(Cake\Http\Runner))
#14 C:\xampp\htdocs\bolo\vendor\cakephp\cakephp\src\Error\Middleware\ErrorHandlerMiddleware.php(98): Cake\Http\Runner->__invoke(Object(Cake\Http\ServerRequest), Object(Cake\Http\Response))
#15 C:\xampp\htdocs\bolo\vendor\cakephp\cakephp\src\Http\Runner.php(65): Cake\Error\Middleware\ErrorHandlerMiddleware->__invoke(Object(Cake\Http\ServerRequest), Object(Cake\Http\Response), Object(Cake\Http\Runner))
#16 C:\xampp\htdocs\bolo\vendor\cakephp\debug_kit\src\Middleware\DebugKitMiddleware.php(53): Cake\Http\Runner->__invoke(Object(Cake\Http\ServerRequest), Object(Cake\Http\Response))
#17 C:\xampp\htdocs\bolo\vendor\cakephp\cakephp\src\Http\Runner.php(65): DebugKit\Middleware\DebugKitMiddleware->__invoke(Object(Cake\Http\ServerRequest), Object(Cake\Http\Response), Object(Cake\Http\Runner))
#18 C:\xampp\htdocs\bolo\vendor\cakephp\cakephp\src\Http\Runner.php(51): Cake\Http\Runner->__invoke(Object(Cake\Http\ServerRequest), Object(Cake\Http\Response))
#19 C:\xampp\htdocs\bolo\vendor\cakephp\cakephp\src\Http\Server.php(98): Cake\Http\Runner->run(Object(Cake\Http\MiddlewareQueue), Object(Cake\Http\ServerRequest), Object(Cake\Http\Response))
#20 C:\xampp\htdocs\bolo\webroot\index.php(40): Cake\Http\Server->run()
#21 {main}


2018-08-27 17:38:44 Warning: Warning (2): Declaration of App\Controller\UsersController::beforeFilter(App\Controller\Cake\Event\Event $event) should be compatible with Cake\Controller\Controller::beforeFilter(Cake\Event\Event $event) in [C:\xampp\htdocs\bolo\src\Controller\UsersController.php, line 14]
Request URL: /users/login
Referer URL: http://localhost/
Trace:
Cake\Error\BaseErrorHandler::handleError() - CORE\src\Error\BaseErrorHandler.php, line 159
Cake\Core\BasePlugin::{closure}() - ROOT\vendor\cakephp\debug_kit\config\bootstrap.php, line 41
include - APP/Controller\UsersController.php, line 14
Composer\Autoload\includeFile - ROOT\vendor\composer\ClassLoader.php, line 412
Composer\Autoload\ClassLoader::loadClass() - ROOT\vendor\composer\ClassLoader.php, line 301
spl_autoload_call - [internal], line ??
class_exists - [internal], line ??
Cake\Core\App::_classExistsInBase() - CORE\src\Core\App.php, line 152
Cake\Core\App::className() - CORE\src\Core\App.php, line 64
Cake\Http\ControllerFactory::getControllerClass() - CORE\src\Http\ControllerFactory.php, line 89
Cake\Http\ControllerFactory::create() - CORE\src\Http\ControllerFactory.php, line 37
Cake\Http\ActionDispatcher::dispatch() - CORE\src\Http\ActionDispatcher.php, line 91
Cake\Http\BaseApplication::__invoke() - CORE\src\Http\BaseApplication.php, line 235
Cake\Http\Runner::__invoke() - CORE\src\Http\Runner.php, line 65
Cake\Http\Middleware\CsrfProtectionMiddleware::__invoke() - CORE\src\Http\Middleware\CsrfProtectionMiddleware.php, line 107
Cake\Http\Runner::__invoke() - CORE\src\Http\Runner.php, line 65
Cake\Routing\Middleware\RoutingMiddleware::__invoke() - CORE\src\Routing\Middleware\RoutingMiddleware.php, line 156
Cake\Http\Runner::__invoke() - CORE\src\Http\Runner.php, line 65
Cake\Routing\Middleware\AssetMiddleware::__invoke() - CORE\src\Routing\Middleware\AssetMiddleware.php, line 88
Cake\Http\Runner::__invoke() - CORE\src\Http\Runner.php, line 65
Cake\Error\Middleware\ErrorHandlerMiddleware::__invoke() - CORE\src\Error\Middleware\ErrorHandlerMiddleware.php, line 98
Cake\Http\Runner::__invoke() - CORE\src\Http\Runner.php, line 65
DebugKit\Middleware\DebugKitMiddleware::__invoke() - ROOT\vendor\cakephp\debug_kit\src\Middleware\DebugKitMiddleware.php, line 53
Cake\Http\Runner::__invoke() - CORE\src\Http\Runner.php, line 65
Cake\Http\Runner::run() - CORE\src\Http\Runner.php, line 51
Cake\Http\Server::run() - CORE\src\Http\Server.php, line 98
[main] - ROOT\webroot\index.php, line 40



2018-08-27 17:38:44 Error: [TypeError] Argument 1 passed to App\Controller\UsersController::beforeFilter() must be an instance of App\Controller\Cake\Event\Event, instance of Cake\Event\Event given, called in C:\xampp\htdocs\bolo\vendor\cakephp\cakephp\src\Event\EventManager.php on line 353
Request URL: /users/login
Referer URL: http://localhost/
Stack Trace:
#0 C:\xampp\htdocs\bolo\vendor\cakephp\cakephp\src\Event\EventManager.php(353): App\Controller\UsersController->beforeFilter(Object(Cake\Event\Event))
#1 C:\xampp\htdocs\bolo\vendor\cakephp\cakephp\src\Event\EventManager.php(330): Cake\Event\EventManager->_callListener(Array, Object(Cake\Event\Event))
#2 C:\xampp\htdocs\bolo\vendor\cakephp\cakephp\src\Event\EventDispatcherTrait.php(114): Cake\Event\EventManager->dispatch(Object(Cake\Event\Event))
#3 C:\xampp\htdocs\bolo\vendor\cakephp\cakephp\src\Controller\Controller.php(658): Cake\Controller\Controller->dispatchEvent('Controller.init...')
#4 C:\xampp\htdocs\bolo\vendor\cakephp\cakephp\src\Http\ActionDispatcher.php(115): Cake\Controller\Controller->startupProcess()
#5 C:\xampp\htdocs\bolo\vendor\cakephp\cakephp\src\Http\ActionDispatcher.php(94): Cake\Http\ActionDispatcher->_invoke(Object(App\Controller\UsersController))
#6 C:\xampp\htdocs\bolo\vendor\cakephp\cakephp\src\Http\BaseApplication.php(235): Cake\Http\ActionDispatcher->dispatch(Object(Cake\Http\ServerRequest), Object(Cake\Http\Response))
#7 C:\xampp\htdocs\bolo\vendor\cakephp\cakephp\src\Http\Runner.php(65): Cake\Http\BaseApplication->__invoke(Object(Cake\Http\ServerRequest), Object(Cake\Http\Response), Object(Cake\Http\Runner))
#8 C:\xampp\htdocs\bolo\vendor\cakephp\cakephp\src\Http\Middleware\CsrfProtectionMiddleware.php(107): Cake\Http\Runner->__invoke(Object(Cake\Http\ServerRequest), Object(Cake\Http\Response))
#9 C:\xampp\htdocs\bolo\vendor\cakephp\cakephp\src\Http\Runner.php(65): Cake\Http\Middleware\CsrfProtectionMiddleware->__invoke(Object(Cake\Http\ServerRequest), Object(Cake\Http\Response), Object(Cake\Http\Runner))
#10 C:\xampp\htdocs\bolo\vendor\cakephp\cakephp\src\Routing\Middleware\RoutingMiddleware.php(156): Cake\Http\Runner->__invoke(Object(Cake\Http\ServerRequest), Object(Cake\Http\Response))
#11 C:\xampp\htdocs\bolo\vendor\cakephp\cakephp\src\Http\Runner.php(65): Cake\Routing\Middleware\RoutingMiddleware->__invoke(Object(Cake\Http\ServerRequest), Object(Cake\Http\Response), Object(Cake\Http\Runner))
#12 C:\xampp\htdocs\bolo\vendor\cakephp\cakephp\src\Routing\Middleware\AssetMiddleware.php(88): Cake\Http\Runner->__invoke(Object(Cake\Http\ServerRequest), Object(Cake\Http\Response))
#13 C:\xampp\htdocs\bolo\vendor\cakephp\cakephp\src\Http\Runner.php(65): Cake\Routing\Middleware\AssetMiddleware->__invoke(Object(Cake\Http\ServerRequest), Object(Cake\Http\Response), Object(Cake\Http\Runner))
#14 C:\xampp\htdocs\bolo\vendor\cakephp\cakephp\src\Error\Middleware\ErrorHandlerMiddleware.php(98): Cake\Http\Runner->__invoke(Object(Cake\Http\ServerRequest), Object(Cake\Http\Response))
#15 C:\xampp\htdocs\bolo\vendor\cakephp\cakephp\src\Http\Runner.php(65): Cake\Error\Middleware\ErrorHandlerMiddleware->__invoke(Object(Cake\Http\ServerRequest), Object(Cake\Http\Response), Object(Cake\Http\Runner))
#16 C:\xampp\htdocs\bolo\vendor\cakephp\debug_kit\src\Middleware\DebugKitMiddleware.php(53): Cake\Http\Runner->__invoke(Object(Cake\Http\ServerRequest), Object(Cake\Http\Response))
#17 C:\xampp\htdocs\bolo\vendor\cakephp\cakephp\src\Http\Runner.php(65): DebugKit\Middleware\DebugKitMiddleware->__invoke(Object(Cake\Http\ServerRequest), Object(Cake\Http\Response), Object(Cake\Http\Runner))
#18 C:\xampp\htdocs\bolo\vendor\cakephp\cakephp\src\Http\Runner.php(51): Cake\Http\Runner->__invoke(Object(Cake\Http\ServerRequest), Object(Cake\Http\Response))
#19 C:\xampp\htdocs\bolo\vendor\cakephp\cakephp\src\Http\Server.php(98): Cake\Http\Runner->run(Object(Cake\Http\MiddlewareQueue), Object(Cake\Http\ServerRequest), Object(Cake\Http\Response))
#20 C:\xampp\htdocs\bolo\webroot\index.php(40): Cake\Http\Server->run()
#21 {main}


2018-08-27 17:38:47 Warning: Warning (2): Declaration of App\Controller\UsersController::beforeFilter(App\Controller\Cake\Event\Event $event) should be compatible with Cake\Controller\Controller::beforeFilter(Cake\Event\Event $event) in [C:\xampp\htdocs\bolo\src\Controller\UsersController.php, line 14]
Request URL: /users/login
Trace:
Cake\Error\BaseErrorHandler::handleError() - CORE\src\Error\BaseErrorHandler.php, line 159
Cake\Core\BasePlugin::{closure}() - ROOT\vendor\cakephp\debug_kit\config\bootstrap.php, line 41
include - APP/Controller\UsersController.php, line 14
Composer\Autoload\includeFile - ROOT\vendor\composer\ClassLoader.php, line 412
Composer\Autoload\ClassLoader::loadClass() - ROOT\vendor\composer\ClassLoader.php, line 301
spl_autoload_call - [internal], line ??
class_exists - [internal], line ??
Cake\Core\App::_classExistsInBase() - CORE\src\Core\App.php, line 152
Cake\Core\App::className() - CORE\src\Core\App.php, line 64
Cake\Http\ControllerFactory::getControllerClass() - CORE\src\Http\ControllerFactory.php, line 89
Cake\Http\ControllerFactory::create() - CORE\src\Http\ControllerFactory.php, line 37
Cake\Http\ActionDispatcher::dispatch() - CORE\src\Http\ActionDispatcher.php, line 91
Cake\Http\BaseApplication::__invoke() - CORE\src\Http\BaseApplication.php, line 235
Cake\Http\Runner::__invoke() - CORE\src\Http\Runner.php, line 65
Cake\Http\Middleware\CsrfProtectionMiddleware::__invoke() - CORE\src\Http\Middleware\CsrfProtectionMiddleware.php, line 107
Cake\Http\Runner::__invoke() - CORE\src\Http\Runner.php, line 65
Cake\Routing\Middleware\RoutingMiddleware::__invoke() - CORE\src\Routing\Middleware\RoutingMiddleware.php, line 156
Cake\Http\Runner::__invoke() - CORE\src\Http\Runner.php, line 65
Cake\Routing\Middleware\AssetMiddleware::__invoke() - CORE\src\Routing\Middleware\AssetMiddleware.php, line 88
Cake\Http\Runner::__invoke() - CORE\src\Http\Runner.php, line 65
Cake\Error\Middleware\ErrorHandlerMiddleware::__invoke() - CORE\src\Error\Middleware\ErrorHandlerMiddleware.php, line 98
Cake\Http\Runner::__invoke() - CORE\src\Http\Runner.php, line 65
DebugKit\Middleware\DebugKitMiddleware::__invoke() - ROOT\vendor\cakephp\debug_kit\src\Middleware\DebugKitMiddleware.php, line 53
Cake\Http\Runner::__invoke() - CORE\src\Http\Runner.php, line 65
Cake\Http\Runner::run() - CORE\src\Http\Runner.php, line 51
Cake\Http\Server::run() - CORE\src\Http\Server.php, line 98
[main] - ROOT\webroot\index.php, line 40



2018-08-27 17:38:47 Error: [TypeError] Argument 1 passed to App\Controller\UsersController::beforeFilter() must be an instance of App\Controller\Cake\Event\Event, instance of Cake\Event\Event given, called in C:\xampp\htdocs\bolo\vendor\cakephp\cakephp\src\Event\EventManager.php on line 353
Request URL: /users/login
Stack Trace:
#0 C:\xampp\htdocs\bolo\vendor\cakephp\cakephp\src\Event\EventManager.php(353): App\Controller\UsersController->beforeFilter(Object(Cake\Event\Event))
#1 C:\xampp\htdocs\bolo\vendor\cakephp\cakephp\src\Event\EventManager.php(330): Cake\Event\EventManager->_callListener(Array, Object(Cake\Event\Event))
#2 C:\xampp\htdocs\bolo\vendor\cakephp\cakephp\src\Event\EventDispatcherTrait.php(114): Cake\Event\EventManager->dispatch(Object(Cake\Event\Event))
#3 C:\xampp\htdocs\bolo\vendor\cakephp\cakephp\src\Controller\Controller.php(658): Cake\Controller\Controller->dispatchEvent('Controller.init...')
#4 C:\xampp\htdocs\bolo\vendor\cakephp\cakephp\src\Http\ActionDispatcher.php(115): Cake\Controller\Controller->startupProcess()
#5 C:\xampp\htdocs\bolo\vendor\cakephp\cakephp\src\Http\ActionDispatcher.php(94): Cake\Http\ActionDispatcher->_invoke(Object(App\Controller\UsersController))
#6 C:\xampp\htdocs\bolo\vendor\cakephp\cakephp\src\Http\BaseApplication.php(235): Cake\Http\ActionDispatcher->dispatch(Object(Cake\Http\ServerRequest), Object(Cake\Http\Response))
#7 C:\xampp\htdocs\bolo\vendor\cakephp\cakephp\src\Http\Runner.php(65): Cake\Http\BaseApplication->__invoke(Object(Cake\Http\ServerRequest), Object(Cake\Http\Response), Object(Cake\Http\Runner))
#8 C:\xampp\htdocs\bolo\vendor\cakephp\cakephp\src\Http\Middleware\CsrfProtectionMiddleware.php(107): Cake\Http\Runner->__invoke(Object(Cake\Http\ServerRequest), Object(Cake\Http\Response))
#9 C:\xampp\htdocs\bolo\vendor\cakephp\cakephp\src\Http\Runner.php(65): Cake\Http\Middleware\CsrfProtectionMiddleware->__invoke(Object(Cake\Http\ServerRequest), Object(Cake\Http\Response), Object(Cake\Http\Runner))
#10 C:\xampp\htdocs\bolo\vendor\cakephp\cakephp\src\Routing\Middleware\RoutingMiddleware.php(156): Cake\Http\Runner->__invoke(Object(Cake\Http\ServerRequest), Object(Cake\Http\Response))
#11 C:\xampp\htdocs\bolo\vendor\cakephp\cakephp\src\Http\Runner.php(65): Cake\Routing\Middleware\RoutingMiddleware->__invoke(Object(Cake\Http\ServerRequest), Object(Cake\Http\Response), Object(Cake\Http\Runner))
#12 C:\xampp\htdocs\bolo\vendor\cakephp\cakephp\src\Routing\Middleware\AssetMiddleware.php(88): Cake\Http\Runner->__invoke(Object(Cake\Http\ServerRequest), Object(Cake\Http\Response))
#13 C:\xampp\htdocs\bolo\vendor\cakephp\cakephp\src\Http\Runner.php(65): Cake\Routing\Middleware\AssetMiddleware->__invoke(Object(Cake\Http\ServerRequest), Object(Cake\Http\Response), Object(Cake\Http\Runner))
#14 C:\xampp\htdocs\bolo\vendor\cakephp\cakephp\src\Error\Middleware\ErrorHandlerMiddleware.php(98): Cake\Http\Runner->__invoke(Object(Cake\Http\ServerRequest), Object(Cake\Http\Response))
#15 C:\xampp\htdocs\bolo\vendor\cakephp\cakephp\src\Http\Runner.php(65): Cake\Error\Middleware\ErrorHandlerMiddleware->__invoke(Object(Cake\Http\ServerRequest), Object(Cake\Http\Response), Object(Cake\Http\Runner))
#16 C:\xampp\htdocs\bolo\vendor\cakephp\debug_kit\src\Middleware\DebugKitMiddleware.php(53): Cake\Http\Runner->__invoke(Object(Cake\Http\ServerRequest), Object(Cake\Http\Response))
#17 C:\xampp\htdocs\bolo\vendor\cakephp\cakephp\src\Http\Runner.php(65): DebugKit\Middleware\DebugKitMiddleware->__invoke(Object(Cake\Http\ServerRequest), Object(Cake\Http\Response), Object(Cake\Http\Runner))
#18 C:\xampp\htdocs\bolo\vendor\cakephp\cakephp\src\Http\Runner.php(51): Cake\Http\Runner->__invoke(Object(Cake\Http\ServerRequest), Object(Cake\Http\Response))
#19 C:\xampp\htdocs\bolo\vendor\cakephp\cakephp\src\Http\Server.php(98): Cake\Http\Runner->run(Object(Cake\Http\MiddlewareQueue), Object(Cake\Http\ServerRequest), Object(Cake\Http\Response))
#20 C:\xampp\htdocs\bolo\webroot\index.php(40): Cake\Http\Server->run()
#21 {main}


2018-08-27 18:07:13 Error: [Error] Call to undefined function App\Controller\redirect()
Request URL: /users/login
Referer URL: http://localhost/bolo/users/login
Stack Trace:
#0 C:\xampp\htdocs\bolo\vendor\cakephp\cakephp\src\Controller\Controller.php(596): App\Controller\UsersController->login()
#1 C:\xampp\htdocs\bolo\vendor\cakephp\cakephp\src\Http\ActionDispatcher.php(120): Cake\Controller\Controller->invokeAction()
#2 C:\xampp\htdocs\bolo\vendor\cakephp\cakephp\src\Http\ActionDispatcher.php(94): Cake\Http\ActionDispatcher->_invoke(Object(App\Controller\UsersController))
#3 C:\xampp\htdocs\bolo\vendor\cakephp\cakephp\src\Http\BaseApplication.php(235): Cake\Http\ActionDispatcher->dispatch(Object(Cake\Http\ServerRequest), Object(Cake\Http\Response))
#4 C:\xampp\htdocs\bolo\vendor\cakephp\cakephp\src\Http\Runner.php(65): Cake\Http\BaseApplication->__invoke(Object(Cake\Http\ServerRequest), Object(Cake\Http\Response), Object(Cake\Http\Runner))
#5 C:\xampp\htdocs\bolo\vendor\cakephp\cakephp\src\Http\Middleware\CsrfProtectionMiddleware.php(107): Cake\Http\Runner->__invoke(Object(Cake\Http\ServerRequest), Object(Cake\Http\Response))
#6 C:\xampp\htdocs\bolo\vendor\cakephp\cakephp\src\Http\Runner.php(65): Cake\Http\Middleware\CsrfProtectionMiddleware->__invoke(Object(Cake\Http\ServerRequest), Object(Cake\Http\Response), Object(Cake\Http\Runner))
#7 C:\xampp\htdocs\bolo\vendor\cakephp\cakephp\src\Routing\Middleware\RoutingMiddleware.php(156): Cake\Http\Runner->__invoke(Object(Cake\Http\ServerRequest), Object(Cake\Http\Response))
#8 C:\xampp\htdocs\bolo\vendor\cakephp\cakephp\src\Http\Runner.php(65): Cake\Routing\Middleware\RoutingMiddleware->__invoke(Object(Cake\Http\ServerRequest), Object(Cake\Http\Response), Object(Cake\Http\Runner))
#9 C:\xampp\htdocs\bolo\vendor\cakephp\cakephp\src\Routing\Middleware\AssetMiddleware.php(88): Cake\Http\Runner->__invoke(Object(Cake\Http\ServerRequest), Object(Cake\Http\Response))
#10 C:\xampp\htdocs\bolo\vendor\cakephp\cakephp\src\Http\Runner.php(65): Cake\Routing\Middleware\AssetMiddleware->__invoke(Object(Cake\Http\ServerRequest), Object(Cake\Http\Response), Object(Cake\Http\Runner))
#11 C:\xampp\htdocs\bolo\vendor\cakephp\cakephp\src\Error\Middleware\ErrorHandlerMiddleware.php(98): Cake\Http\Runner->__invoke(Object(Cake\Http\ServerRequest), Object(Cake\Http\Response))
#12 C:\xampp\htdocs\bolo\vendor\cakephp\cakephp\src\Http\Runner.php(65): Cake\Error\Middleware\ErrorHandlerMiddleware->__invoke(Object(Cake\Http\ServerRequest), Object(Cake\Http\Response), Object(Cake\Http\Runner))
#13 C:\xampp\htdocs\bolo\vendor\cakephp\debug_kit\src\Middleware\DebugKitMiddleware.php(53): Cake\Http\Runner->__invoke(Object(Cake\Http\ServerRequest), Object(Cake\Http\Response))
#14 C:\xampp\htdocs\bolo\vendor\cakephp\cakephp\src\Http\Runner.php(65): DebugKit\Middleware\DebugKitMiddleware->__invoke(Object(Cake\Http\ServerRequest), Object(Cake\Http\Response), Object(Cake\Http\Runner))
#15 C:\xampp\htdocs\bolo\vendor\cakephp\cakephp\src\Http\Runner.php(51): Cake\Http\Runner->__invoke(Object(Cake\Http\ServerRequest), Object(Cake\Http\Response))
#16 C:\xampp\htdocs\bolo\vendor\cakephp\cakephp\src\Http\Server.php(98): Cake\Http\Runner->run(Object(Cake\Http\MiddlewareQueue), Object(Cake\Http\ServerRequest), Object(Cake\Http\Response))
#17 C:\xampp\htdocs\bolo\webroot\index.php(40): Cake\Http\Server->run()
#18 {main}


